Compiling C:\Users\j_ari\Dropbox\Curso Primavera 2022\Uppuebla\Sistemas de computo\repositorio\Convertidor_ADC\main on 22-abr.-22 at 09:13
*** Error 1 "C:\Program Files (x86)\PICC\Drivers\LCD.C" Line 135(1,2): Illegal C character in input file  0x00
*** Error 22 "C:\Program Files (x86)\PICC\Drivers\LCD.C" Line 135(1,2): Bad expression syntax
*** Error 1 "C:\Program Files (x86)\PICC\Drivers\LCD.C" Line 136(3,4): Illegal C character in input file  0x00
*** Error 1 "C:\Program Files (x86)\PICC\Drivers\LCD.C" Line 136(3,4): Illegal C character in input file  0x00
*** Error 1 "C:\Program Files (x86)\PICC\Drivers\LCD.C" Line 136(3,4): Illegal C character in input file  0xFF
*** Error 1 "C:\Program Files (x86)\PICC\Drivers\LCD.C" Line 136(3,4): Illegal C character in input file  0xFF
*** Error 1 "C:\Program Files (x86)\PICC\Drivers\LCD.C" Line 136(3,4): Illegal C character in input file  0xFF
*** Error 1 "C:\Program Files (x86)\PICC\Drivers\LCD.C" Line 136(3,4): Illegal C character in input file  0x00
*** Error 1 "C:\Program Files (x86)\PICC\Drivers\LCD.C" Line 136(3,4): Illegal C character in input file  0x07
*** Error 1 "C:\Program Files (x86)\PICC\Drivers\LCD.C" Line 136(3,4): Illegal C character in input file  0x00
*** Error 1 "C:\Program Files (x86)\PICC\Drivers\LCD.C" Line 136(3,4): Illegal C character in input file  0x00
*** Error 1 "C:\Program Files (x86)\PICC\Drivers\LCD.C" Line 136(3,4): Illegal C character in input file  0x00
*** Error 1 "C:\Program Files (x86)\PICC\Drivers\LCD.C" Line 136(3,4): Illegal C character in input file  0x00
*** Error 1 "C:\Program Files (x86)\PICC\Drivers\LCD.C" Line 136(3,4): Illegal C character in input file  0x00
*** Error 1 "C:\Program Files (x86)\PICC\Drivers\LCD.C" Line 136(3,4): Illegal C character in input file  0x00
*** Error 1 "C:\Program Files (x86)\PICC\Drivers\LCD.C" Line 136(3,4): Illegal C character in input file  0x00
*** Error 43 "C:\Program Files (x86)\PICC\Drivers\LCD.C" Line 136(3,4): Expecting a declaration
*** Error 1 "C:\Program Files (x86)\PICC\Drivers\LCD.C" Line 136(8,9): Illegal C character in input file  0xDF
*** Error 1 "C:\Program Files (x86)\PICC\Drivers\LCD.C" Line 136(10,11): Illegal C character in input file  0x92
*** Error 48 "C:\Program Files (x86)\PICC\Drivers\LCD.C" Line 136(8,9): Expecting a (
*** Error 1 "C:\Program Files (x86)\PICC\Drivers\LCD.C" Line 136(12,13): Illegal C character in input file  0x85
*** Error 1 "C:\Program Files (x86)\PICC\Drivers\LCD.C" Line 136(12,13): Illegal C character in input file  0xFD
*** Error 48 "C:\Program Files (x86)\PICC\Drivers\LCD.C" Line 136(12,13): Expecting a (
*** Error 1 "C:\Program Files (x86)\PICC\Drivers\LCD.C" Line 136(16,17): Illegal C character in input file  0xD0
*** Error 1 "C:\Program Files (x86)\PICC\Drivers\LCD.C" Line 136(16,17): Illegal C character in input file  0xE5
*** Error 1 "C:\Program Files (x86)\PICC\Drivers\LCD.C" Line 136(16,17): Illegal C character in input file  0x40
*** Error 1 "C:\Program Files (x86)\PICC\Drivers\LCD.C" Line 136(16,17): Illegal C character in input file  0x9C
*** Error 1 "C:\Program Files (x86)\PICC\Drivers\LCD.C" Line 136(16,17): Illegal C character in input file  0x03
*** Error 1 "C:\Program Files (x86)\PICC\Drivers\LCD.C" Line 136(16,17): Illegal C character in input file  0x00
*** Error 1 "C:\Program Files (x86)\PICC\Drivers\LCD.C" Line 136(16,17): Illegal C character in input file  0x00
*** Error 1 "C:\Program Files (x86)\PICC\Drivers\LCD.C" Line 136(16,17): Illegal C character in input file  0xB0
*** Error 1 "C:\Program Files (x86)\PICC\Drivers\LCD.C" Line 136(16,17): Illegal C character in input file  0xD7
*** Error 1 "C:\Program Files (x86)\PICC\Drivers\LCD.C" Line 136(16,17): Illegal C character in input file  0x01
*** Error 1 "C:\Program Files (x86)\PICC\Drivers\LCD.C" Line 136(16,17): Illegal C character in input file  0x00
*** Error 1 "C:\Program Files (x86)\PICC\Drivers\LCD.C" Line 136(16,17): Illegal C character in input file  0x80
*** Error 1 "C:\Program Files (x86)\PICC\Drivers\LCD.C" Line 136(16,17): Illegal C character in input file  0x00
*** Error 1 "C:\Program Files (x86)\PICC\Drivers\LCD.C" Line 136(16,17): Illegal C character in input file  0x00
*** Error 1 "C:\Program Files (x86)\PICC\Drivers\LCD.C" Line 136(16,17): Illegal C character in input file  0x00
*** Error 1 "C:\Program Files (x86)\PICC\Drivers\LCD.C" Line 136(16,17): Illegal C character in input file  0x00
*** Error 1 "C:\Program Files (x86)\PICC\Drivers\LCD.C" Line 136(16,17): Illegal C character in input file  0x00
*** Error 1 "C:\Program Files (x86)\PICC\Drivers\LCD.C" Line 136(16,17): Illegal C character in input file  0x00
*** Error 1 "C:\Program Files (x86)\PICC\Drivers\LCD.C" Line 136(16,17): Illegal C character in input file  0x00
*** Error 1 "C:\Program Files (x86)\PICC\Drivers\LCD.C" Line 136(16,17): Illegal C character in input file  0x00
*** Error 1 "C:\Program Files (x86)\PICC\Drivers\LCD.C" Line 136(16,17): Illegal C character in input file  0x00
*** Error 1 "C:\Program Files (x86)\PICC\Drivers\LCD.C" Line 136(16,17): Illegal C character in input file  0x00
*** Error 1 "C:\Program Files (x86)\PICC\Drivers\LCD.C" Line 136(16,17): Illegal C character in input file  0x00
*** Error 1 "C:\Program Files (x86)\PICC\Drivers\LCD.C" Line 136(16,17): Illegal C character in input file  0xA4
*** Error 1 "C:\Program Files (x86)\PICC\Drivers\LCD.C" Line 136(16,17): Illegal C character in input file  0xEB
*** Error 1 "C:\Program Files (x86)\PICC\Drivers\LCD.C" Line 136(16,17): Illegal C character in input file  0x0C
*** Error 1 "C:\Program Files (x86)\PICC\Drivers\LCD.C" Line 136(16,17): Illegal C character in input file  0x02
*** Error 1 "C:\Program Files (x86)\PICC\Drivers\LCD.C" Line 136(16,17): Illegal C character in input file  0x40
*** Error 43 "C:\Program Files (x86)\PICC\Drivers\LCD.C" Line 136(16,17): Expecting a declaration
*** Error 1 "C:\Program Files (x86)\PICC\Drivers\LCD.C" Line 136(27,28): Illegal C character in input file  0xDD
*** Error 1 "C:\Program Files (x86)\PICC\Drivers\LCD.C" Line 136(27,28): Illegal C character in input file  0x01
*** Error 1 "C:\Program Files (x86)\PICC\Drivers\LCD.C" Line 136(27,28): Illegal C character in input file  0xD0
*** Error 43 "C:\Program Files (x86)\PICC\Drivers\LCD.C" Line 136(27,28): Expecting a declaration
*** Error 1 "C:\Program Files (x86)\PICC\Drivers\LCD.C" Line 136(30,31): Illegal C character in input file  0xDD
*** Error 1 "C:\Program Files (x86)\PICC\Drivers\LCD.C" Line 136(30,31): Illegal C character in input file  0x01
*** Error 1 "C:\Program Files (x86)\PICC\Drivers\LCD.C" Line 136(30,31): Illegal C character in input file  0x00
*** Error 1 "C:\Program Files (x86)\PICC\Drivers\LCD.C" Line 136(30,31): Illegal C character in input file  0x00
*** Error 1 "C:\Program Files (x86)\PICC\Drivers\LCD.C" Line 136(30,31): Illegal C character in input file  0x00
*** Error 1 "C:\Program Files (x86)\PICC\Drivers\LCD.C" Line 136(30,31): Illegal C character in input file  0x00
*** Error 1 "C:\Program Files (x86)\PICC\Drivers\LCD.C" Line 136(30,31): Illegal C character in input file  0x90
*** Error 43 "C:\Program Files (x86)\PICC\Drivers\LCD.C" Line 136(30,31): Expecting a declaration
*** Error 1 "C:\Program Files (x86)\PICC\Drivers\LCD.C" Line 136(33,34): Illegal C character in input file  0xDD
*** Error 1 "C:\Program Files (x86)\PICC\Drivers\LCD.C" Line 136(33,34): Illegal C character in input file  0x01
*** Error 1 "C:\Program Files (x86)\PICC\Drivers\LCD.C" Line 136(33,34): Illegal C character in input file  0x00
*** Error 1 "C:\Program Files (x86)\PICC\Drivers\LCD.C" Line 136(33,34): Illegal C character in input file  0x00
*** Error 1 "C:\Program Files (x86)\PICC\Drivers\LCD.C" Line 136(33,34): Illegal C character in input file  0x00
*** Error 1 "C:\Program Files (x86)\PICC\Drivers\LCD.C" Line 136(33,34): Illegal C character in input file  0x00
*** Error 1 "C:\Program Files (x86)\PICC\Drivers\LCD.C" Line 136(33,34): Illegal C character in input file  0x00
*** Error 1 "C:\Program Files (x86)\PICC\Drivers\LCD.C" Line 136(33,34): Illegal C character in input file  0x00
*** Error 1 "C:\Program Files (x86)\PICC\Drivers\LCD.C" Line 136(33,34): Illegal C character in input file  0x00
*** Error 1 "C:\Program Files (x86)\PICC\Drivers\LCD.C" Line 136(33,34): Illegal C character in input file  0x00
*** Error 1 "C:\Program Files (x86)\PICC\Drivers\LCD.C" Line 136(33,34): Illegal C character in input file  0x00
*** Error 1 "C:\Program Files (x86)\PICC\Drivers\LCD.C" Line 136(33,34): Illegal C character in input file  0x00
*** Error 1 "C:\Program Files (x86)\PICC\Drivers\LCD.C" Line 136(33,34): Illegal C character in input file  0x00
*** Error 1 "C:\Program Files (x86)\PICC\Drivers\LCD.C" Line 136(33,34): Illegal C character in input file  0x00
*** Error 1 "C:\Program Files (x86)\PICC\Drivers\LCD.C" Line 136(33,34): Illegal C character in input file  0x00
*** Error 1 "C:\Program Files (x86)\PICC\Drivers\LCD.C" Line 136(33,34): Illegal C character in input file  0x00
*** Error 1 "C:\Program Files (x86)\PICC\Drivers\LCD.C" Line 136(33,34): Illegal C character in input file  0x00
*** Error 1 "C:\Program Files (x86)\PICC\Drivers\LCD.C" Line 136(33,34): Illegal C character in input file  0x00
*** Error 1 "C:\Program Files (x86)\PICC\Drivers\LCD.C" Line 136(33,34): Illegal C character in input file  0x00
*** Error 1 "C:\Program Files (x86)\PICC\Drivers\LCD.C" Line 136(33,34): Illegal C character in input file  0x00
*** Error 1 "C:\Program Files (x86)\PICC\Drivers\LCD.C" Line 136(33,34): Illegal C character in input file  0x00
*** Error 1 "C:\Program Files (x86)\PICC\Drivers\LCD.C" Line 136(33,34): Illegal C character in input file  0x00
*** Error 1 "C:\Program Files (x86)\PICC\Drivers\LCD.C" Line 136(33,34): Illegal C character in input file  0x00
*** Error 1 "C:\Program Files (x86)\PICC\Drivers\LCD.C" Line 136(33,34): Illegal C character in input file  0x00
*** Error 1 "C:\Program Files (x86)\PICC\Drivers\LCD.C" Line 136(33,34): Illegal C character in input file  0x00
*** Error 1 "C:\Program Files (x86)\PICC\Drivers\LCD.C" Line 136(33,34): Illegal C character in input file  0x00
*** Error 1 "C:\Program Files (x86)\PICC\Drivers\LCD.C" Line 136(33,34): Illegal C character in input file  0x00
*** Error 1 "C:\Program Files (x86)\PICC\Drivers\LCD.C" Line 136(33,34): Illegal C character in input file  0x00
*** Error 1 "C:\Program Files (x86)\PICC\Drivers\LCD.C" Line 136(33,34): Illegal C character in input file  0x00
*** Error 1 "C:\Program Files (x86)\PICC\Drivers\LCD.C" Line 136(33,34): Illegal C character in input file  0x00
*** Error 1 "C:\Program Files (x86)\PICC\Drivers\LCD.C" Line 136(33,34): Illegal C character in input file  0x00
*** Error 1 "C:\Program Files (x86)\PICC\Drivers\LCD.C" Line 136(33,34): Illegal C character in input file  0x00
*** Error 1 "C:\Program Files (x86)\PICC\Drivers\LCD.C" Line 136(33,34): Illegal C character in input file  0x00
*** Error 1 "C:\Program Files (x86)\PICC\Drivers\LCD.C" Line 136(33,34): Illegal C character in input file  0x00
*** Error 48 "C:\Program Files (x86)\PICC\Drivers\LCD.C" Line 136(33,34): Expecting a (
*** Error 1 "C:\Program Files (x86)\PICC\Drivers\LCD.C" Line 136(36,37): Illegal C character in input file  0x50 after \
