
ROM used:   1108/8192 (14%)
            1108/8192 (14%) including unused fragments

            0.9 Average locations per line
            11.9 Average locations per statement

RAM used:   13/368 (4%) at main() level
            35/368 (10%) worst case

Stack used: 4 worst case (4 in main + 0 for interrupts)
Stack size: 8

Lines Stmts  %   Files
----- ----- ---  -----
   24     9  10  main.c
    5     0   0  main.h
  694     0   0  ..\..\..\..\..\..\..\..\Program Files (x86)\PICC\Devices\16f877a.h
  456    84  90  ..\..\..\..\..\..\..\..\Program Files (x86)\PICC\Drivers\LCD.C
----- -----
 1179    93 Total

Page ROM  %  RAM    Vol Diff  Functions:
---- --- --- ---    --- ----  ----------
0     21   2    1             @delay_ms1
 Inline         3    596  5.9  lcd_read_byte
0      6   1    0     59  4.2  lcd_read_nibble
0     12   1    1    179  3.3  lcd_send_nibble
0     64   6    3    460  4.7  lcd_send_byte
0     62   6    6    814  7.2  lcd_init
0     18   2    4    208  6.3  lcd_gotoxy
0     44   4    1    354  4.7  lcd_putc
0    123  11    4    218  3.3  MAIN
0     31   3    2             @ITOF
0    117  11   13             @MULFF
0    204  18   14             @DIVFF
0      8   1    0             @const717
0     89   8    5             @PSTRINGCN7_693
 Inline         5             @FTOSD
0     79   7   13             @DIV3232
0    226  20   13             @PRINTF_L32D_693FPFPF
 Inline         0             @cinit1

Program metrics:
    Functions               8
    Statements              93
    Comments                229
    Volume (V)              4393
    Difficulty (D)          37.5
    Effort to implement (E) 164618
    Time to implement (T)   2 hours, 32 minutes
    Est Delivered Bugs (B)  1
    Cyclomatic Complexity   8
    Maintainability (MI)    144

 Segment     Used  Free
-----------  ----  ----
00000-00003     4  0  
00004-007FF  1104  940  
00800-00FFF     0  2048  
01000-017FF     0  2048  
01800-01FFF     0  2048  



