CCS PCM C Compiler, Version 5.091, 13314               06-jul.-24 10:02

               Filename:   C:\Users\Equipo33\Dropbox\Curso Verano 2022\UPPuebla\Sistemas de computo\repositorio\segundo\segundo2\main.lst

               ROM used:   646 words (8%)
                           Largest free fragment is 2048
               RAM used:   10 (3%) at main() level
                           24 (7%) worst case
               Stack used: 5 locations
               Stack size: 8

0000:  MOVLW  02
0001:  MOVWF  0A
0002:  GOTO   207
0003:  NOP
.................... 
.................... #include <16F877A.h>
.................... //////////// Standard Header file for the PIC16F877A device ////////////////
.................... ///////////////////////////////////////////////////////////////////////////
.................... ////        (C) Copyright 1996, 2014 Custom Computer Services          ////
.................... //// This source code may only be used by licensed users of the CCS C  ////
.................... //// compiler.  This source code may only be distributed to other      ////
.................... //// licensed users of the CCS C compiler.  No other use, reproduction ////
.................... //// or distribution is permitted without written permission.          ////
.................... //// Derivative programs created using this software in object code    ////
.................... //// form are not restricted in any way.                               ////
.................... ///////////////////////////////////////////////////////////////////////////
.................... #device PIC16F877A
0004:  DATA 45,35
0005:  DATA E5,36
0006:  DATA 70,36
0007:  DATA 6F,10
0008:  DATA CC,21
0009:  DATA 44,10
000A:  DATA 0A,00
000B:  DATA 0C,00
000C:  DATA C8,37
000D:  DATA EC,30
000E:  DATA A0,26
000F:  DATA 75,37
0010:  DATA E4,37
0011:  DATA 20,05
0012:  DATA 00,01
0013:  DATA 0C,00
0014:  DATA C8,37
0015:  DATA EC,30
0016:  DATA A0,26
0017:  DATA 75,37
0018:  DATA E4,37
0019:  DATA 20,05
001A:  DATA 00,01
001B:  DATA E3,37
001C:  DATA 6E,3A
001D:  DATA 61,32
001E:  DATA 6F,39
001F:  DATA 3A,10
0020:  DATA A5,3A
0021:  DATA 20,00
0022:  DATA E3,37
0023:  DATA 6E,3A
0024:  DATA 61,32
0025:  DATA 6F,39
0026:  DATA 3A,10
0027:  DATA A5,3A
0028:  DATA 20,00
*
0110:  MOVF   0B,W
0111:  MOVWF  24
0112:  BCF    0B.7
0113:  BSF    03.5
0114:  BSF    03.6
0115:  BSF    0C.7
0116:  BSF    0C.0
0117:  NOP
0118:  NOP
0119:  BCF    03.5
011A:  BCF    03.6
011B:  BTFSC  24.7
011C:  BSF    0B.7
011D:  BSF    03.6
011E:  MOVF   0C,W
011F:  ANDLW  7F
0120:  BTFSC  03.2
0121:  GOTO   164
0122:  BCF    03.6
0123:  MOVWF  24
0124:  BSF    03.6
0125:  MOVF   0D,W
0126:  BCF    03.6
0127:  MOVWF  25
0128:  BSF    03.6
0129:  MOVF   0F,W
012A:  BCF    03.6
012B:  MOVWF  26
012C:  MOVF   24,W
012D:  MOVWF  29
012E:  CALL   0E4
012F:  MOVF   25,W
0130:  BSF    03.6
0131:  MOVWF  0D
0132:  BCF    03.6
0133:  MOVF   26,W
0134:  BSF    03.6
0135:  MOVWF  0F
0136:  BCF    03.6
0137:  MOVF   0B,W
0138:  MOVWF  27
0139:  BCF    0B.7
013A:  BSF    03.5
013B:  BSF    03.6
013C:  BSF    0C.7
013D:  BSF    0C.0
013E:  NOP
013F:  NOP
0140:  BCF    03.5
0141:  BCF    03.6
0142:  BTFSC  27.7
0143:  BSF    0B.7
0144:  BSF    03.6
0145:  RLF    0C,W
0146:  RLF    0E,W
0147:  ANDLW  7F
0148:  BTFSC  03.2
0149:  GOTO   164
014A:  BCF    03.6
014B:  MOVWF  24
014C:  BSF    03.6
014D:  MOVF   0D,W
014E:  BCF    03.6
014F:  MOVWF  25
0150:  BSF    03.6
0151:  MOVF   0F,W
0152:  BCF    03.6
0153:  MOVWF  26
0154:  MOVF   24,W
0155:  MOVWF  29
0156:  CALL   0E4
0157:  MOVF   25,W
0158:  BSF    03.6
0159:  MOVWF  0D
015A:  BCF    03.6
015B:  MOVF   26,W
015C:  BSF    03.6
015D:  MOVWF  0F
015E:  INCF   0D,F
015F:  BTFSC  03.2
0160:  INCF   0F,F
0161:  BCF    03.6
0162:  GOTO   110
0163:  BSF    03.6
0164:  BCF    03.6
0165:  RETURN
0166:  MOVF   0B,W
0167:  MOVWF  26
0168:  BCF    0B.7
0169:  BSF    03.5
016A:  BSF    03.6
016B:  BSF    0C.7
016C:  BSF    0C.0
016D:  NOP
016E:  NOP
016F:  BCF    03.5
0170:  BCF    03.6
0171:  BTFSC  26.7
0172:  BSF    0B.7
0173:  BTFSC  03.0
0174:  GOTO   19D
0175:  BSF    03.6
0176:  MOVF   0C,W
0177:  ANDLW  7F
0178:  BCF    03.6
0179:  MOVWF  26
017A:  BSF    03.6
017B:  MOVF   0D,W
017C:  BCF    03.6
017D:  MOVWF  27
017E:  BSF    03.6
017F:  MOVF   0F,W
0180:  BCF    03.6
0181:  MOVWF  28
0182:  MOVF   26,W
0183:  MOVWF  29
0184:  CALL   0E4
0185:  MOVF   27,W
0186:  BSF    03.6
0187:  MOVWF  0D
0188:  BCF    03.6
0189:  MOVF   28,W
018A:  BSF    03.6
018B:  MOVWF  0F
018C:  BCF    03.6
018D:  MOVF   0B,W
018E:  MOVWF  29
018F:  BCF    0B.7
0190:  BSF    03.5
0191:  BSF    03.6
0192:  BSF    0C.7
0193:  BSF    0C.0
0194:  NOP
0195:  NOP
0196:  BCF    03.5
0197:  BCF    03.6
0198:  BTFSC  29.7
0199:  BSF    0B.7
019A:  DECFSZ 25,F
019B:  GOTO   19D
019C:  GOTO   1BC
019D:  BSF    03.6
019E:  RLF    0C,W
019F:  RLF    0E,W
01A0:  ANDLW  7F
01A1:  BCF    03.6
01A2:  MOVWF  26
01A3:  BSF    03.6
01A4:  MOVF   0D,W
01A5:  BCF    03.6
01A6:  MOVWF  27
01A7:  BSF    03.6
01A8:  MOVF   0F,W
01A9:  BCF    03.6
01AA:  MOVWF  28
01AB:  MOVF   26,W
01AC:  MOVWF  29
01AD:  CALL   0E4
01AE:  MOVF   27,W
01AF:  BSF    03.6
01B0:  MOVWF  0D
01B1:  BCF    03.6
01B2:  MOVF   28,W
01B3:  BSF    03.6
01B4:  MOVWF  0F
01B5:  INCF   0D,F
01B6:  BTFSC  03.2
01B7:  INCF   0F,F
01B8:  BCF    03.0
01B9:  BCF    03.6
01BA:  DECFSZ 25,F
01BB:  GOTO   166
01BC:  RETURN
01BD:  MOVF   28,W
01BE:  CLRF   78
01BF:  SUBWF  27,W
01C0:  BTFSC  03.0
01C1:  GOTO   1C5
01C2:  MOVF   27,W
01C3:  MOVWF  77
01C4:  GOTO   1D1
01C5:  CLRF   77
01C6:  MOVLW  08
01C7:  MOVWF  29
01C8:  RLF    27,F
01C9:  RLF    77,F
01CA:  MOVF   28,W
01CB:  SUBWF  77,W
01CC:  BTFSC  03.0
01CD:  MOVWF  77
01CE:  RLF    78,F
01CF:  DECFSZ 29,F
01D0:  GOTO   1C8
01D1:  RETURN
01D2:  MOVF   78,W
01D3:  MOVF   25,W
01D4:  MOVWF  27
01D5:  MOVLW  64
01D6:  MOVWF  28
01D7:  CALL   1BD
01D8:  MOVF   77,W
01D9:  MOVWF  25
01DA:  MOVF   78,W
01DB:  MOVLW  30
01DC:  BTFSS  03.2
01DD:  GOTO   1E5
01DE:  BTFSS  26.1
01DF:  GOTO   1EC
01E0:  BTFSC  26.3
01E1:  GOTO   1EC
01E2:  BTFSC  26.4
01E3:  MOVLW  20
01E4:  GOTO   1E8
01E5:  BCF    26.3
01E6:  BCF    26.4
01E7:  BSF    26.0
01E8:  ADDWF  78,F
01E9:  MOVF   78,W
01EA:  MOVWF  29
01EB:  CALL   0E4
01EC:  MOVF   25,W
01ED:  MOVWF  27
01EE:  MOVLW  0A
01EF:  MOVWF  28
01F0:  CALL   1BD
01F1:  MOVF   77,W
01F2:  MOVWF  25
01F3:  MOVF   78,W
01F4:  MOVLW  30
01F5:  BTFSS  03.2
01F6:  GOTO   1FD
01F7:  BTFSC  26.3
01F8:  GOTO   201
01F9:  BTFSS  26.0
01FA:  GOTO   201
01FB:  BTFSC  26.4
01FC:  MOVLW  20
01FD:  ADDWF  78,F
01FE:  MOVF   78,W
01FF:  MOVWF  29
0200:  CALL   0E4
0201:  MOVLW  30
0202:  ADDWF  25,F
0203:  MOVF   25,W
0204:  MOVWF  29
0205:  CALL   0E4
0206:  RETURN
.................... 
.................... #list
.................... 
.................... #use delay(crystal=20000000)
*
0029:  MOVLW  2A
002A:  MOVWF  04
002B:  BCF    03.7
002C:  MOVF   00,W
002D:  BTFSC  03.2
002E:  GOTO   03C
002F:  MOVLW  06
0030:  MOVWF  78
0031:  CLRF   77
0032:  DECFSZ 77,F
0033:  GOTO   032
0034:  DECFSZ 78,F
0035:  GOTO   031
0036:  MOVLW  7B
0037:  MOVWF  77
0038:  DECFSZ 77,F
0039:  GOTO   038
003A:  DECFSZ 00,F
003B:  GOTO   02F
003C:  RETURN
.................... #include <LCD.C>  //Biblioteca (Library)
.................... ///////////////////////////////////////////////////////////////////////////////
.................... ////                             LCD.C                                     ////
.................... ////                 Driver for common LCD modules                         ////
.................... ////                                                                       ////
.................... ////  lcd_init()   Must be called before any other function.               ////
.................... ////                                                                       ////
.................... ////  lcd_putc(c)  Will display c on the next position of the LCD.         ////
.................... ////                 \a  Set cursor position to upper left                 ////
.................... ////                 \f  Clear display, set cursor to upper left           ////
.................... ////                 \n  Go to start of second line                        ////
.................... ////                 \b  Move back one position                            ////
.................... ////              If LCD_EXTENDED_NEWLINE is defined, the \n character     ////
.................... ////              will erase all remanining characters on the current      ////
.................... ////              line, and move the cursor to the beginning of the next   ////
.................... ////              line.                                                    ////
.................... ////              If LCD_EXTENDED_NEWLINE is defined, the \r character     ////
.................... ////              will move the cursor to the start of the current         ////
.................... ////              line.                                                    ////
.................... ////                                                                       ////
.................... ////  lcd_gotoxy(x,y) Set write position on LCD (upper left is 1,1)        ////
.................... ////                                                                       ////
.................... ////  lcd_getc(x,y)   Returns character at position x,y on LCD             ////
.................... ////                                                                       ////
.................... ////  lcd_cursor_on(int1 on)   Turn the cursor on (on=TRUE) or off         ////
.................... ////              (on=FALSE).                                              ////
.................... ////                                                                       ////
.................... ////  lcd_set_cgram_char(w, *p)   Write a custom character to the CGRAM.   ////
.................... ////                                                                       ////
.................... ////                                                                       ////
.................... ////  CONFIGURATION                                                        ////
.................... ////  The LCD can be configured in one of two ways: a.) port access or     ////
.................... ////  b.) pin access.  Port access requires the entire 7 bit interface     ////
.................... ////  connected to one GPIO port, and the data bits (D4:D7 of the LCD)     ////
.................... ////  connected to sequential pins on the GPIO.  Pin access                ////
.................... ////  has no requirements, all 7 bits of the control interface can         ////
.................... ////  can be connected to any GPIO using several ports.                    ////
.................... ////                                                                       ////
.................... ////  To use port access, #define LCD_DATA_PORT to the SFR location of     ////
.................... ////  of the GPIO port that holds the interface, -AND- edit LCD_PIN_MAP    ////
.................... ////  of this file to configure the pin order.  If you are using a         ////
.................... ////  baseline PIC (PCB), then LCD_OUTPUT_MAP and LCD_INPUT_MAP also must  ////
.................... ////  be defined.                                                          ////
.................... ////                                                                       ////
.................... ////  Example of port access:                                              ////
.................... ////     #define LCD_DATA_PORT getenv("SFR:PORTD")                         ////
.................... ////                                                                       ////
.................... ////  To use pin access, the following pins must be defined:               ////
.................... ////     LCD_ENABLE_PIN                                                    ////
.................... ////     LCD_RS_PIN                                                        ////
.................... ////     LCD_RW_PIN                                                        ////
.................... ////     LCD_DATA4                                                         ////
.................... ////     LCD_DATA5                                                         ////
.................... ////     LCD_DATA6                                                         ////
.................... ////     LCD_DATA7                                                         ////
.................... ////                                                                       ////
.................... ////  Example of pin access:                                               ////
.................... ////     #define LCD_ENABLE_PIN  PIN_E0                                    ////
.................... ////     #define LCD_RS_PIN      PIN_E1                                    ////
.................... ////     #define LCD_RW_PIN      PIN_E2                                    ////
.................... ////     #define LCD_DATA4       PIN_D4                                    ////
.................... ////     #define LCD_DATA5       PIN_D5                                    ////
.................... ////     #define LCD_DATA6       PIN_D6                                    ////
.................... ////     #define LCD_DATA7       PIN_D7                                    ////
.................... ////                                                                       ////
.................... ///////////////////////////////////////////////////////////////////////////////
.................... ////        (C) Copyright 1996,2010 Custom Computer Services           ////
.................... //// This source code may only be used by licensed users of the CCS C  ////
.................... //// compiler.  This source code may only be distributed to other      ////
.................... //// licensed users of the CCS C compiler.  No other use, reproduction ////
.................... //// or distribution is permitted without written permission.          ////
.................... //// Derivative programs created using this software in object code    ////
.................... //// form are not restricted in any way.                               ////
.................... ///////////////////////////////////////////////////////////////////////////
.................... 
.................... #ifndef __LCD_C__
.................... #define __LCD_C__
.................... 
.................... // define the pinout.
.................... // only required if port access is being used.
.................... typedef struct  
.................... {                            // This structure is overlayed
....................    int1 enable;           // on to an I/O port to gain
....................    int1 rs;               // access to the LCD pins.
....................    int1 rw;               // The bits are allocated from
....................    int1 unused;           // low order up.  ENABLE will
....................    unsigned int     data : 4;         // be LSB pin of that port.
....................   #if defined(__PCD__)       // The port used will be LCD_DATA_PORT.
....................    unsigned int    reserved: 8;
....................   #endif
.................... } LCD_PIN_MAP;
.................... 
.................... // this is to improve compatability with previous LCD drivers that accepted
.................... // a define labeled 'use_portb_lcd' that configured the LCD onto port B.
.................... #if ((defined(use_portb_lcd)) && (use_portb_lcd==TRUE))
....................  #define LCD_DATA_PORT getenv("SFR:PORTB")
.................... #endif
.................... 
.................... #if defined(__PCB__)
....................    // these definitions only need to be modified for baseline PICs.
....................    // all other PICs use LCD_PIN_MAP or individual LCD_xxx pin definitions.
.................... /*                                    EN, RS,   RW,   UNUSED,  DATA  */
....................  const LCD_PIN_MAP LCD_OUTPUT_MAP =  {0,  0,    0,    0,       0};
....................  const LCD_PIN_MAP LCD_INPUT_MAP =   {0,  0,    0,    0,       0xF};
.................... #endif
.................... 
.................... ////////////////////// END CONFIGURATION ///////////////////////////////////
.................... 
.................... #ifndef LCD_ENABLE_PIN
....................    #define lcd_output_enable(x) lcdlat.enable=x
....................    #define lcd_enable_tris()   lcdtris.enable=0
.................... #else
....................    #define lcd_output_enable(x) output_bit(LCD_ENABLE_PIN, x)
....................    #define lcd_enable_tris()  output_drive(LCD_ENABLE_PIN)
.................... #endif
.................... 
.................... #ifndef LCD_RS_PIN
....................    #define lcd_output_rs(x) lcdlat.rs=x
....................    #define lcd_rs_tris()   lcdtris.rs=0
.................... #else
....................    #define lcd_output_rs(x) output_bit(LCD_RS_PIN, x)
....................    #define lcd_rs_tris()  output_drive(LCD_RS_PIN)
.................... #endif
.................... 
.................... #ifndef LCD_RW_PIN
....................    #define lcd_output_rw(x) lcdlat.rw=x
....................    #define lcd_rw_tris()   lcdtris.rw=0
.................... #else
....................    #define lcd_output_rw(x) output_bit(LCD_RW_PIN, x)
....................    #define lcd_rw_tris()  output_drive(LCD_RW_PIN)
.................... #endif
.................... 
.................... // original version of this library incorrectly labeled LCD_DATA0 as LCD_DATA4,
.................... // LCD_DATA1 as LCD_DATA5, and so on.  this block of code makes the driver
.................... // compatible with any code written for the original library
.................... #if (defined(LCD_DATA0) && defined(LCD_DATA1) && defined(LCD_DATA2) && defined(LCD_DATA3) && !defined(LCD_DATA4) && !defined(LCD_DATA5) && !defined(LCD_DATA6) && !defined(LCD_DATA7))
....................    #define  LCD_DATA4    LCD_DATA0
....................    #define  LCD_DATA5    LCD_DATA1
....................    #define  LCD_DATA6    LCD_DATA2
....................    #define  LCD_DATA7    LCD_DATA3
.................... #endif
.................... 
.................... #ifndef LCD_DATA4
.................... #ifndef LCD_DATA_PORT
....................    #if defined(__PCB__)
....................       #define LCD_DATA_PORT      0x06     //portb
....................       #define set_tris_lcd(x)   set_tris_b(x)
....................    #else
....................      #if defined(PIN_D0)
....................       #define LCD_DATA_PORT      getenv("SFR:PORTD")     //portd
....................      #else
....................       #define LCD_DATA_PORT      getenv("SFR:PORTB")     //portb
....................      #endif
....................    #endif   
.................... #endif
.................... 
.................... #if defined(__PCB__)
....................    LCD_PIN_MAP lcd, lcdlat;
....................    #byte lcd = LCD_DATA_PORT
....................    #byte lcdlat = LCD_DATA_PORT
.................... #elif defined(__PCM__)
....................    LCD_PIN_MAP lcd, lcdlat, lcdtris;
....................    #byte lcd = LCD_DATA_PORT
....................    #byte lcdlat = LCD_DATA_PORT
....................    #byte lcdtris = LCD_DATA_PORT+0x80
.................... #elif defined(__PCH__)
....................    LCD_PIN_MAP lcd, lcdlat, lcdtris;
....................    #byte lcd = LCD_DATA_PORT
....................    #byte lcdlat = LCD_DATA_PORT+9
....................    #byte lcdtris = LCD_DATA_PORT+0x12
.................... #elif defined(__PCD__)
....................    LCD_PIN_MAP lcd, lcdlat, lcdtris;
....................    #word lcd = LCD_DATA_PORT
....................    #word lcdlat = LCD_DATA_PORT+2
....................    #word lcdtris = LCD_DATA_PORT-0x02
.................... #endif
.................... #endif   //LCD_DATA4 not defined
.................... 
.................... #ifndef LCD_TYPE
....................    #define LCD_TYPE 2           // 0=5x7, 1=5x10, 2=2 lines
.................... #endif
.................... 
.................... #ifndef LCD_LINE_TWO
....................    #define LCD_LINE_TWO 0x40    // LCD RAM address for the second line
.................... #endif
.................... 
.................... #ifndef LCD_LINE_LENGTH
....................    #define LCD_LINE_LENGTH 20
.................... #endif
.................... 
.................... unsigned int8 lcd_read_nibble(void);
.................... 
.................... unsigned int8 lcd_read_byte(void)
.................... {
....................    unsigned int8 low,high;
.................... 
....................  #if defined(__PCB__)
....................    set_tris_lcd(LCD_INPUT_MAP);
....................  #else
....................   #if (defined(LCD_DATA4) && defined(LCD_DATA5) && defined(LCD_DATA6) && defined(LCD_DATA7))
....................    output_float(LCD_DATA4);
....................    output_float(LCD_DATA5);
....................    output_float(LCD_DATA6);
....................    output_float(LCD_DATA7);
....................   #else
....................    lcdtris.data = 0xF;
*
0058:  MOVLW  0F
0059:  BSF    03.5
005A:  ANDWF  08,W
005B:  IORLW  F0
005C:  MOVWF  08
....................   #endif
....................  #endif
....................         
....................    lcd_output_rw(1);
005D:  BCF    03.5
005E:  BSF    08.2
....................    delay_cycles(1);
005F:  NOP
....................    lcd_output_enable(1);
0060:  BSF    08.0
....................    delay_cycles(1);
0061:  NOP
....................    high = lcd_read_nibble();
0062:  CALL   04C
0063:  MOVF   78,W
0064:  MOVWF  31
....................       
....................    lcd_output_enable(0);
0065:  BCF    08.0
....................    delay_cycles(1);
0066:  NOP
....................    lcd_output_enable(1);
0067:  BSF    08.0
....................    delay_us(1);
0068:  GOTO   069
0069:  GOTO   06A
006A:  NOP
....................    low = lcd_read_nibble();
006B:  CALL   04C
006C:  MOVF   78,W
006D:  MOVWF  30
....................       
....................    lcd_output_enable(0);
006E:  BCF    08.0
.................... 
....................  #if defined(__PCB__)
....................    set_tris_lcd(LCD_OUTPUT_MAP);
....................  #else
....................   #if (defined(LCD_DATA4) && defined(LCD_DATA5) && defined(LCD_DATA6) && defined(LCD_DATA7))
....................    output_drive(LCD_DATA4);
....................    output_drive(LCD_DATA5);
....................    output_drive(LCD_DATA6);
....................    output_drive(LCD_DATA7);
....................   #else
....................    lcdtris.data = 0x0;
006F:  MOVLW  0F
0070:  BSF    03.5
0071:  ANDWF  08,W
0072:  MOVWF  08
....................   #endif
....................  #endif
.................... 
....................    return( (high<<4) | low);
0073:  BCF    03.5
0074:  SWAPF  31,W
0075:  MOVWF  77
0076:  MOVLW  F0
0077:  ANDWF  77,F
0078:  MOVF   77,W
0079:  IORWF  30,W
007A:  MOVWF  78
.................... }
.................... 
.................... unsigned int8 lcd_read_nibble(void)
.................... {
....................   #if (defined(LCD_DATA4) && defined(LCD_DATA5) && defined(LCD_DATA6) && defined(LCD_DATA7))
....................    unsigned int8 n = 0x00;
.................... 
....................    /* Read the data port */
....................    n |= input(LCD_DATA4);
....................    n |= input(LCD_DATA5) << 1;
....................    n |= input(LCD_DATA6) << 2;
....................    n |= input(LCD_DATA7) << 3;
....................    
....................    return(n);
....................   #else
....................    return(lcd.data);
*
004C:  MOVF   08,W
004D:  MOVWF  77
004E:  SWAPF  08,W
004F:  ANDLW  0F
0050:  MOVWF  78
....................   #endif
0051:  RETURN
.................... }
.................... 
.................... void lcd_send_nibble(unsigned int8 n)
.................... {
....................   #if (defined(LCD_DATA4) && defined(LCD_DATA5) && defined(LCD_DATA6) && defined(LCD_DATA7))
....................    /* Write to the data port */
....................    output_bit(LCD_DATA4, bit_test(n, 0));
....................    output_bit(LCD_DATA5, bit_test(n, 1));
....................    output_bit(LCD_DATA6, bit_test(n, 2));
....................    output_bit(LCD_DATA7, bit_test(n, 3));
....................   #else      
....................    lcdlat.data = n;
*
003D:  SWAPF  31,W
003E:  ANDLW  F0
003F:  MOVWF  77
0040:  MOVLW  0F
0041:  ANDWF  08,W
0042:  IORWF  77,W
0043:  MOVWF  08
....................   #endif
....................       
....................    delay_cycles(1);
0044:  NOP
....................    lcd_output_enable(1);
0045:  BSF    08.0
....................    delay_us(2);
0046:  MOVLW  03
0047:  MOVWF  77
0048:  DECFSZ 77,F
0049:  GOTO   048
....................    lcd_output_enable(0);
004A:  BCF    08.0
004B:  RETURN
.................... }
.................... 
.................... void lcd_send_byte(unsigned int8 address, unsigned int8 n)
.................... {
....................   #if defined(__PCB__)
....................    set_tris_lcd(LCD_OUTPUT_MAP);
....................   #else
....................    lcd_enable_tris();
*
0052:  BSF    03.5
0053:  BCF    08.0
....................    lcd_rs_tris();
0054:  BCF    08.1
....................    lcd_rw_tris();
0055:  BCF    08.2
....................   #endif
.................... 
....................    lcd_output_rs(0);
0056:  BCF    03.5
0057:  BCF    08.1
....................    while ( bit_test(lcd_read_byte(),7) ) ;
*
007B:  MOVF   78,W
007C:  MOVWF  30
007D:  BTFSC  30.7
007E:  GOTO   058
....................    lcd_output_rs(address);
007F:  BTFSS  2E.0
0080:  BCF    08.1
0081:  BTFSC  2E.0
0082:  BSF    08.1
....................    delay_cycles(1);
0083:  NOP
....................    lcd_output_rw(0);
0084:  BCF    08.2
....................    delay_cycles(1);
0085:  NOP
....................    lcd_output_enable(0);
0086:  BCF    08.0
....................    lcd_send_nibble(n >> 4);
0087:  SWAPF  2F,W
0088:  MOVWF  30
0089:  MOVLW  0F
008A:  ANDWF  30,F
008B:  MOVF   30,W
008C:  MOVWF  31
008D:  CALL   03D
....................    lcd_send_nibble(n & 0xf);
008E:  MOVF   2F,W
008F:  ANDLW  0F
0090:  MOVWF  30
0091:  MOVWF  31
0092:  CALL   03D
0093:  RETURN
.................... }
.................... 
.................... #if defined(LCD_EXTENDED_NEWLINE)
.................... unsigned int8 g_LcdX, g_LcdY;
.................... #endif
.................... 
.................... void lcd_init(void) 
.................... {
....................    unsigned int8 i;
....................    unsigned int8 LCD_INIT_STRING[4] = {0x20 | (LCD_TYPE << 2), 0xc, 1, 6};
0094:  MOVLW  28
0095:  MOVWF  25
0096:  MOVLW  0C
0097:  MOVWF  26
0098:  MOVLW  01
0099:  MOVWF  27
009A:  MOVLW  06
009B:  MOVWF  28
....................                              // These bytes need to be sent to the LCD
....................                              // to start it up.
....................    
.................... 
....................    lcd_output_enable(0);
009C:  BCF    08.0
....................    lcd_output_rs(0);
009D:  BCF    08.1
....................    lcd_output_rw(0);
009E:  BCF    08.2
.................... 
....................  #if defined(__PCB__)
....................    set_tris_lcd(LCD_OUTPUT_MAP);
....................  #else
....................   #if (defined(LCD_DATA4) && defined(LCD_DATA5) && defined(LCD_DATA6) && defined(LCD_DATA7))
....................    output_drive(LCD_DATA4);
....................    output_drive(LCD_DATA5);
....................    output_drive(LCD_DATA6);
....................    output_drive(LCD_DATA7);
....................   #else
....................    lcdtris.data = 0x0;
009F:  MOVLW  0F
00A0:  BSF    03.5
00A1:  ANDWF  08,W
00A2:  MOVWF  08
....................   #endif
....................    lcd_enable_tris();
00A3:  BCF    08.0
....................    lcd_rs_tris();
00A4:  BCF    08.1
....................    lcd_rw_tris();
00A5:  BCF    08.2
....................  #endif
....................     
....................    delay_ms(15);
00A6:  MOVLW  0F
00A7:  BCF    03.5
00A8:  MOVWF  2A
00A9:  CALL   029
....................    for(i=1;i<=3;++i)
00AA:  MOVLW  01
00AB:  MOVWF  24
00AC:  MOVF   24,W
00AD:  SUBLW  03
00AE:  BTFSS  03.0
00AF:  GOTO   0B8
....................    {
....................        lcd_send_nibble(3);
00B0:  MOVLW  03
00B1:  MOVWF  31
00B2:  CALL   03D
....................        delay_ms(5);
00B3:  MOVLW  05
00B4:  MOVWF  2A
00B5:  CALL   029
00B6:  INCF   24,F
00B7:  GOTO   0AC
....................    }
....................    
....................    lcd_send_nibble(2);
00B8:  MOVLW  02
00B9:  MOVWF  31
00BA:  CALL   03D
....................    delay_ms(5);
00BB:  MOVLW  05
00BC:  MOVWF  2A
00BD:  CALL   029
....................    for(i=0;i<=3;++i)
00BE:  CLRF   24
00BF:  MOVF   24,W
00C0:  SUBLW  03
00C1:  BTFSS  03.0
00C2:  GOTO   0CF
....................       lcd_send_byte(0,LCD_INIT_STRING[i]);
00C3:  MOVLW  25
00C4:  ADDWF  24,W
00C5:  MOVWF  04
00C6:  BCF    03.7
00C7:  MOVF   00,W
00C8:  MOVWF  29
00C9:  CLRF   2E
00CA:  MOVF   29,W
00CB:  MOVWF  2F
00CC:  CALL   052
.................... 
....................   #if defined(LCD_EXTENDED_NEWLINE)
00CD:  INCF   24,F
00CE:  GOTO   0BF
00CF:  BCF    0A.3
00D0:  BCF    0A.4
00D1:  GOTO   216 (RETURN)
....................    g_LcdX = 0;
....................    g_LcdY = 0;
....................   #endif
.................... }
.................... 
.................... void lcd_gotoxy(unsigned int8 x, unsigned int8 y)
.................... {
....................    unsigned int8 address;
....................    
....................    if(y!=1)
00D2:  DECFSZ 2B,W
00D3:  GOTO   0D5
00D4:  GOTO   0D8
....................       address=LCD_LINE_TWO;
00D5:  MOVLW  40
00D6:  MOVWF  2C
00D7:  GOTO   0D9
....................    else
....................       address=0;
00D8:  CLRF   2C
....................      
....................    address+=x-1;
00D9:  MOVLW  01
00DA:  SUBWF  2A,W
00DB:  ADDWF  2C,F
....................    lcd_send_byte(0,0x80|address);
00DC:  MOVF   2C,W
00DD:  IORLW  80
00DE:  MOVWF  2D
00DF:  CLRF   2E
00E0:  MOVF   2D,W
00E1:  MOVWF  2F
00E2:  CALL   052
.................... 
....................   #if defined(LCD_EXTENDED_NEWLINE)
00E3:  RETURN
....................    g_LcdX = x - 1;
....................    g_LcdY = y - 1;
....................   #endif
.................... }
.................... 
.................... void lcd_putc(char c)
.................... {
....................    switch (c)
00E4:  MOVF   29,W
00E5:  XORLW  07
00E6:  BTFSC  03.2
00E7:  GOTO   0F2
00E8:  XORLW  0B
00E9:  BTFSC  03.2
00EA:  GOTO   0F7
00EB:  XORLW  06
00EC:  BTFSC  03.2
00ED:  GOTO   0FF
00EE:  XORLW  02
00EF:  BTFSC  03.2
00F0:  GOTO   105
00F1:  GOTO   10A
....................    {
....................       case '\a'   :  lcd_gotoxy(1,1);     break;
00F2:  MOVLW  01
00F3:  MOVWF  2A
00F4:  MOVWF  2B
00F5:  CALL   0D2
00F6:  GOTO   10F
.................... 
....................       case '\f'   :  lcd_send_byte(0,1);
00F7:  CLRF   2E
00F8:  MOVLW  01
00F9:  MOVWF  2F
00FA:  CALL   052
....................                      delay_ms(2);
00FB:  MOVLW  02
00FC:  MOVWF  2A
00FD:  CALL   029
....................                     #if defined(LCD_EXTENDED_NEWLINE)
....................                      g_LcdX = 0;
....................                      g_LcdY = 0;
....................                     #endif
....................                      break;
00FE:  GOTO   10F
.................... 
....................      #if defined(LCD_EXTENDED_NEWLINE)
....................       case '\r'   :  lcd_gotoxy(1, g_LcdY+1);   break;
....................       case '\n'   :
....................          while (g_LcdX++ < LCD_LINE_LENGTH)
....................          {
....................             lcd_send_byte(1, ' ');
....................          }
....................          lcd_gotoxy(1, g_LcdY+2);
....................          break;
....................      #else
....................       case '\n'   : lcd_gotoxy(1,2);        break;
00FF:  MOVLW  01
0100:  MOVWF  2A
0101:  MOVLW  02
0102:  MOVWF  2B
0103:  CALL   0D2
0104:  GOTO   10F
....................      #endif
....................      
....................       case '\b'   : lcd_send_byte(0,0x10);  break;
0105:  CLRF   2E
0106:  MOVLW  10
0107:  MOVWF  2F
0108:  CALL   052
0109:  GOTO   10F
....................      
....................      #if defined(LCD_EXTENDED_NEWLINE)
....................       default     : 
....................          if (g_LcdX < LCD_LINE_LENGTH)
....................          {
....................             lcd_send_byte(1, c);
....................             g_LcdX++;
....................          }
....................          break;
....................      #else
....................       default     : lcd_send_byte(1,c);     break;
010A:  MOVLW  01
010B:  MOVWF  2E
010C:  MOVF   29,W
010D:  MOVWF  2F
010E:  CALL   052
....................      #endif
....................    }
010F:  RETURN
.................... }
....................  
.................... char lcd_getc(unsigned int8 x, unsigned int8 y)
.................... {
....................    char value;
.................... 
....................    lcd_gotoxy(x,y);
....................    while ( bit_test(lcd_read_byte(),7) ); // wait until busy flag is low
....................    lcd_output_rs(1);
....................    value = lcd_read_byte();
....................    lcd_output_rs(0);
....................    
....................    return(value);
.................... }
.................... 
.................... // write a custom character to the ram
.................... // which is 0-7 and specifies which character array we are modifying.
.................... // ptr points to an array of 8 bytes, where each byte is the next row of
.................... //    pixels.  only bits 0-4 are used.  the last row is the cursor row, and
.................... //    usually you will want to leave this byte 0x00.
.................... void lcd_set_cgram_char(unsigned int8 which, unsigned int8 *ptr)
.................... {
....................    unsigned int i;
.................... 
....................    which <<= 3;
....................    which &= 0x38;
.................... 
....................    lcd_send_byte(0, 0x40 | which);  //set cgram address
.................... 
....................    for(i=0; i<8; i++)
....................    {
....................       lcd_send_byte(1, *ptr++);
....................    }
....................   
....................    #if defined(LCD_EXTENDED_NEWLINE)
....................     lcd_gotoxy(g_LcdX+1, g_LcdY+1);  //set ddram address
....................    #endif
.................... }
.................... 
.................... void lcd_cursor_on(int1 on)
.................... {
....................    if (on)
....................    {
....................       lcd_send_byte(0,0x0F);           //turn LCD cursor ON
....................    }
....................    else
....................    {
....................       lcd_send_byte(0,0x0C);           //turn LCD cursor OFF
....................    }
.................... }
.................... 
.................... #endif
.................... 
.................... unsigned int  i,j;  //variable entera
.................... void main()
*
0207:  MOVF   03,W
0208:  ANDLW  1F
0209:  MOVWF  03
020A:  CLRF   23
020B:  CLRF   22
020C:  BSF    03.5
020D:  BSF    1F.0
020E:  BSF    1F.1
020F:  BSF    1F.2
0210:  BCF    1F.3
0211:  MOVLW  07
0212:  MOVWF  1C
0213:  BCF    03.7
.................... {
....................    lcd_init();   //inicializar la pantalla LCD
0214:  BCF    03.5
0215:  GOTO   094
....................    lcd_putc("Ejemplo LCD \n");
0216:  MOVLW  04
0217:  BSF    03.6
0218:  MOVWF  0D
0219:  MOVLW  00
021A:  MOVWF  0F
021B:  BCF    03.6
021C:  CALL   110
....................    delay_ms(500);
021D:  MOVLW  02
021E:  MOVWF  24
021F:  MOVLW  FA
0220:  MOVWF  2A
0221:  CALL   029
0222:  DECFSZ 24,F
0223:  GOTO   21F
....................    lcd_putc("\f");
0224:  MOVLW  0B
0225:  BSF    03.6
0226:  MOVWF  0D
0227:  MOVLW  00
0228:  MOVWF  0F
0229:  BCF    03.6
022A:  CALL   110
....................    lcd_putc("Hola Mundo \n");
022B:  MOVLW  0C
022C:  BSF    03.6
022D:  MOVWF  0D
022E:  MOVLW  00
022F:  MOVWF  0F
0230:  BCF    03.6
0231:  CALL   110
....................    j=250;
0232:  MOVLW  FA
0233:  MOVWF  21
....................    while(TRUE)  //ciclo infinito
....................    {
....................          if (j==0)
0234:  MOVF   21,F
0235:  BTFSS  03.2
0236:  GOTO   260
....................          {
....................          lcd_putc("\f");
0237:  MOVLW  13
0238:  BSF    03.6
0239:  MOVWF  0D
023A:  MOVLW  00
023B:  MOVWF  0F
023C:  BCF    03.6
023D:  CALL   110
....................          lcd_putc("Hola Mundo \n");
023E:  MOVLW  14
023F:  BSF    03.6
0240:  MOVWF  0D
0241:  MOVLW  00
0242:  MOVWF  0F
0243:  BCF    03.6
0244:  CALL   110
....................         lcd_gotoxy(3, 5);
0245:  MOVLW  03
0246:  MOVWF  2A
0247:  MOVLW  05
0248:  MOVWF  2B
0249:  CALL   0D2
....................         printf(lcd_putc,"contador: %u ",j++);//imprimir a pantalla
024A:  MOVF   21,W
024B:  INCF   21,F
024C:  MOVWF  24
024D:  MOVLW  1B
024E:  BSF    03.6
024F:  MOVWF  0D
0250:  MOVLW  00
0251:  MOVWF  0F
0252:  BCF    03.0
0253:  MOVLW  0A
0254:  BCF    03.6
0255:  MOVWF  25
0256:  CALL   166
0257:  MOVF   24,W
0258:  MOVWF  25
0259:  MOVLW  1B
025A:  MOVWF  26
025B:  CALL   1D2
025C:  MOVLW  20
025D:  MOVWF  29
025E:  CALL   0E4
....................          }
025F:  GOTO   27A
....................          else
....................          {
....................          lcd_gotoxy(3, 5);
0260:  MOVLW  03
0261:  MOVWF  2A
0262:  MOVLW  05
0263:  MOVWF  2B
0264:  CALL   0D2
....................         printf(lcd_putc,"contador: %u ",j++);//imprimir a pantalla
0265:  MOVF   21,W
0266:  INCF   21,F
0267:  MOVWF  24
0268:  MOVLW  22
0269:  BSF    03.6
026A:  MOVWF  0D
026B:  MOVLW  00
026C:  MOVWF  0F
026D:  BCF    03.0
026E:  MOVLW  0A
026F:  BCF    03.6
0270:  MOVWF  25
0271:  CALL   166
0272:  MOVF   24,W
0273:  MOVWF  25
0274:  MOVLW  1B
0275:  MOVWF  26
0276:  CALL   1D2
0277:  MOVLW  20
0278:  MOVWF  29
0279:  CALL   0E4
....................   
....................          }
....................         
....................           delay_ms(1000); 
027A:  MOVLW  04
027B:  MOVWF  24
027C:  MOVLW  FA
027D:  MOVWF  2A
027E:  CALL   029
027F:  DECFSZ 24,F
0280:  GOTO   27C
....................         
....................         
....................       #ASM  //Aquí se inicia el uso de lenguaje ensamblador
0281:  NOP
0282:  BCF    03.5
0283:  BCF    03.6
....................       NOP
....................       #ENDASM//no hacer nada
0284:  GOTO   234
....................       //Aquí se termina el uso de lenguaje ensamblador
....................       //TODO: User Code
....................    }
.................... 
.................... }
0285:  SLEEP

Configuration Fuses:
   Word  1: 3F72   HS NOWDT PUT BROWNOUT NOLVP NOCPD NOWRT NODEBUG NOPROTECT
