
ROM used:   646/8192 (8%)
            646/8192 (8%) including unused fragments

            0.5 Average locations per line
            6.3 Average locations per statement

RAM used:   10/368 (3%) at main() level
            24/368 (7%) worst case

Stack used: 5 worst case (5 in main + 0 for interrupts)
Stack size: 8

Lines Stmts  %   Files
----- ----- ---  -----
   41    19  18  main.c
  694     0   0  ..\..\..\..\..\..\..\..\..\Program Files (x86)\PICC\Devices\16F877A.h
  456    84  82  ..\..\..\..\..\..\..\..\..\Program Files (x86)\PICC\Drivers\LCD.C
----- -----
 1191   103 Total

Page ROM  %  RAM    Vol Diff  Functions:
---- --- --- ---    --- ----  ----------
0     20   3    1             @delay_ms1
 Inline         3    596  5.9  lcd_read_byte
0      6   1    0     59  4.2  lcd_read_nibble
0     15   2    1    179  3.3  lcd_send_nibble
0     66  10    3    460  4.7  lcd_send_byte
0     62  10    6    814  7.2  lcd_init
0     18   3    4    208  6.3  lcd_gotoxy
0     44   7    1    354  4.7  lcd_putc
0    127  20    1    439  4.6  MAIN
0      7   1    0             @const710
0     86  13    4             @PSTRINGC7_693
0      1   0    0             @const715
0      7   1    0             @const716
0      1   0    0             @const717
0      7   1    0             @const718
0      7   1    0             @const719
0     87  13    5             @PSTRINGCN7_693
0     21   3    3             @DIV88
0     53   8    2             @PRINTF_U_693
0      7   1    0             @const728
 Inline         0             @cinit1

Program metrics:
    Functions               8
    Statements              103
    Comments                231
    Volume (V)              4731
    Difficulty (D)          38.1
    Effort to implement (E) 180406
    Time to implement (T)   2 hours, 47 minutes
    Est Delivered Bugs (B)  1
    Cyclomatic Complexity   9
    Maintainability (MI)    141

 Segment     Used  Free
-----------  ----  ----
00000-00003     4  0  
00004-007FF   642  1402  
00800-00FFF     0  2048  
01000-017FF     0  2048  
01800-01FFF     0  2048  



