
ROM used:   626/8192 (8%)
            626/8192 (8%) including unused fragments

            0.5 Average locations per line
            6.5 Average locations per statement

RAM used:   11/368 (3%) at main() level
            30/368 (8%) worst case

Stack used: 5 worst case (5 in main + 0 for interrupts)
Stack size: 8

Lines Stmts  %   Files
----- ----- ---  -----
   33    12  12  main.c
  694     0   0  ..\..\..\..\..\..\..\..\Program Files (x86)\PICC\Devices\16F877A.h
  456    84  88  ..\..\..\..\..\..\..\..\Program Files (x86)\PICC\Drivers\LCD.C
----- -----
 1183    96 Total

Page ROM  %  RAM    Vol Diff  Functions:
---- --- --- ---    --- ----  ----------
0     20   3    1             @delay_ms1
 Inline         3    596  5.9  lcd_read_byte
0      6   1    0     59  4.2  lcd_read_nibble
0     15   2    1    179  3.3  lcd_send_nibble
0     66  11    3    460  4.7  lcd_send_byte
0     62  10    6    814  7.2  lcd_init
0     18   3    4    208  6.3  lcd_gotoxy
0     44   7    1    354  4.7  lcd_putc
0     92  15    2    238  3.1  MAIN
0      7   1    0             @const709
0     86  14    4             @PSTRINGC7_693
0      1   0    0             @const714
0      7   1    0             @const715
0      8   1    0             @const716
0     89  14    5             @PSTRINGCN7_693
0    101  16    9             @PRINTF_LU_693
 Inline         0             @cinit1

Program metrics:
    Functions               8
    Statements              96
    Comments                232
    Volume (V)              4423
    Difficulty (D)          37.2
    Effort to implement (E) 164756
    Time to implement (T)   2 hours, 33 minutes
    Est Delivered Bugs (B)  1
    Cyclomatic Complexity   8
    Maintainability (MI)    142

 Segment     Used  Free
-----------  ----  ----
00000-00003     4  0  
00004-007FF   622  1422  
00800-00FFF     0  2048  
01000-017FF     0  2048  
01800-01FFF     0  2048  



