
ROM used:   97/8192 (1%)
            97/8192 (1%) including unused fragments

            0.1 Average locations per line
            8.8 Average locations per statement

RAM used:   8/368 (2%) at main() level
            9/368 (2%) worst case

Stack used: 0 worst case (0 in main + 0 for interrupts)
Stack size: 8

Lines Stmts  %   Files
----- ----- ---  -----
   29    11 100  main.c
   12     0   0  main.h
  694     0   0  ..\..\..\..\..\..\..\Program Files (x86)\PICC\Devices\16F877A.h
----- -----
  735    11 Total

Page ROM  %  RAM    Vol Diff  Functions:
---- --- --- ---    --- ----  ----------
0     20  21    1             @delay_ms1
0     73  75    3    243  3.2  main
 Inline         0             @cinit1

Program metrics:
    Functions               1
    Statements              11
    Comments                131
    Volume (V)              247
    Difficulty (D)          3.0
    Effort to implement (E) 732
    Time to implement (T)   1 minutes
    Est Delivered Bugs (B)  0
    Cyclomatic Complexity   1
    Maintainability (MI)    58

 Segment     Used  Free
-----------  ----  ----
00000-00003     4  0  
00004-007FF    93  1951  
00800-00FFF     0  2048  
01000-017FF     0  2048  
01800-01FFF     0  2048  



