
ROM used:   314/32768 (1%)
            314/32768 (1%) including unused fragments

            0.3 Average locations per line
            24.2 Average locations per statement

RAM used:   9/2048 (0%) at main() level
            10/2048 (0%) worst case

Stack used: 1 worst case (1 in main + 0 for interrupts)
Stack size: 31

Lines Stmts  %   Files
----- ----- ---  -----
   44    13 100  main.c
   10     0   0  main.h
  863     0   0  ..\..\..\..\..\..\..\..\Program Files (x86)\PICC\Devices\18F4550.h
----- -----
  917    13 Total

Page ROM  %  RAM    Vol Diff  Functions:
---- --- --- ---    --- ----  ----------
0     42   7    1             @delay_ms1
0     34   5    1             @I2C_WRITEU_129
0     28   4    1             @I2C_READU_129
0    138  22    1    290  2.7  main
0     68  11    2             @PRINTF_X_9600_31766_31767
 Inline         0             @cinit1

Program metrics:
    Functions               1
    Statements              13
    Comments                170
    Volume (V)              301
    Difficulty (D)          2.3
    Effort to implement (E) 685
    Time to implement (T)   1 minutes
    Est Delivered Bugs (B)  0
    Cyclomatic Complexity   1
    Maintainability (MI)    148

 Segment     Used  Free
-----------  ----  ----
00000-00002     4  0  
00004-07FFE   310  32454  



