
ROM used:   522/8192 (6%)
            522/8192 (6%) including unused fragments

            0.2 Average locations per line
            1.9 Average locations per statement

RAM used:   12/368 (3%) at main() level
            30/368 (8%) worst case

Stack used: 0 worst case (0 in main + 0 for interrupts)
Stack size: 8

Lines Stmts  %   Files
----- ----- ---  -----
   37    11   4  main.c
    5     0   0  main.h
  694     0   0  ..\..\..\..\..\..\..\..\..\Program Files (x86)\PICC\Devices\16F877A.h
 2227   258  96  ..\..\..\..\..\..\..\..\..\Program Files (x86)\PICC\Drivers\math.h
----- -----
 2963   269 Total

Page ROM  %  RAM    Vol Diff  Functions:
---- --- --- ---    --- ----  ----------
0     23   4    1             @delay_ms1
0     33   6    4             @SFTOI
0    326  62   16             @ADDFF
0    113  22    2    262  4.3  MAIN
0     23   4    5             @MUL1616
 Inline         0             @cinit1

Program metrics:
    Functions               1
    Statements              269
    Comments                390
    Volume (V)              273
    Difficulty (D)          3.6
    Effort to implement (E) 974
    Time to implement (T)   1 minutes
    Est Delivered Bugs (B)  0
    Cyclomatic Complexity   1
    Maintainability (MI)    14

 Segment     Used  Free
-----------  ----  ----
00000-00003     4  0  
00004-007FF   518  1526  
00800-00FFF     0  2048  
01000-017FF     0  2048  
01800-01FFF     0  2048  



