Compiling C:\Users\Equipo33\Dropbox\Curso Verano 2022\UPPuebla\Sistemas de computo\repositorio\funciones\main on 10-feb.-25 at 14:22
*** Error 1 "C:\Program Files (x86)\PICC\Devices\16F877A.h" Line 528(1,2): Illegal C character in input file  0x80
*** Error 1 "C:\Program Files (x86)\PICC\Devices\16F877A.h" Line 528(1,2): Illegal C character in input file  0x00
*** Error 28 "C:\Program Files (x86)\PICC\Devices\16F877A.h" Line 528(1,2): Expecting an identifier
*** Error 1 "C:\Program Files (x86)\PICC\Devices\16F877A.h" Line 528(3,4): Illegal C character in input file  0x00
*** Error 1 "C:\Program Files (x86)\PICC\Devices\16F877A.h" Line 528(3,4): Illegal C character in input file  0x00
*** Error 1 "C:\Program Files (x86)\PICC\Devices\16F877A.h" Line 528(3,4): Illegal C character in input file  0xFF
*** Error 1 "C:\Program Files (x86)\PICC\Devices\16F877A.h" Line 528(3,4): Illegal C character in input file  0xFF
*** Error 1 "C:\Program Files (x86)\PICC\Devices\16F877A.h" Line 528(3,4): Illegal C character in input file  0xFF
*** Error 1 "C:\Program Files (x86)\PICC\Devices\16F877A.h" Line 528(3,4): Illegal C character in input file  0x00
*** Error 1 "C:\Program Files (x86)\PICC\Devices\16F877A.h" Line 528(3,4): Illegal C character in input file  0x07
*** Error 1 "C:\Program Files (x86)\PICC\Devices\16F877A.h" Line 528(3,4): Illegal C character in input file  0x00
*** Error 1 "C:\Program Files (x86)\PICC\Devices\16F877A.h" Line 528(3,4): Illegal C character in input file  0x00
*** Error 1 "C:\Program Files (x86)\PICC\Devices\16F877A.h" Line 528(3,4): Illegal C character in input file  0x00
*** Error 1 "C:\Program Files (x86)\PICC\Devices\16F877A.h" Line 528(3,4): Illegal C character in input file  0x00
*** Error 1 "C:\Program Files (x86)\PICC\Devices\16F877A.h" Line 528(3,4): Illegal C character in input file  0x00
*** Error 1 "C:\Program Files (x86)\PICC\Devices\16F877A.h" Line 528(3,4): Illegal C character in input file  0x00
*** Error 1 "C:\Program Files (x86)\PICC\Devices\16F877A.h" Line 528(3,4): Illegal C character in input file  0x00
*** Error 1 "C:\Program Files (x86)\PICC\Devices\16F877A.h" Line 528(3,4): Illegal C character in input file  0x7F
*** Error 1 "C:\Program Files (x86)\PICC\Devices\16F877A.h" Line 528(3,4): Illegal C character in input file  0xA7
*** Error 1 "C:\Program Files (x86)\PICC\Devices\16F877A.h" Line 528(3,4): Illegal C character in input file  0xAD
*** Error 1 "C:\Program Files (x86)\PICC\Devices\16F877A.h" Line 530(1,2): Illegal C character in input file  0x80
*** Error 1 "C:\Program Files (x86)\PICC\Devices\16F877A.h" Line 530(1,2): Illegal C character in input file  0x00
*** Error 28 "C:\Program Files (x86)\PICC\Devices\16F877A.h" Line 530(1,2): Expecting an identifier
*** Error 1 "C:\Program Files (x86)\PICC\Devices\16F877A.h" Line 530(3,4): Illegal C character in input file  0x00
*** Error 1 "C:\Program Files (x86)\PICC\Devices\16F877A.h" Line 530(3,4): Illegal C character in input file  0x00
*** Error 1 "C:\Program Files (x86)\PICC\Devices\16F877A.h" Line 530(3,4): Illegal C character in input file  0xFF
*** Error 1 "C:\Program Files (x86)\PICC\Devices\16F877A.h" Line 530(3,4): Illegal C character in input file  0xFF
*** Error 1 "C:\Program Files (x86)\PICC\Devices\16F877A.h" Line 530(3,4): Illegal C character in input file  0xFF
*** Error 1 "C:\Program Files (x86)\PICC\Devices\16F877A.h" Line 530(3,4): Illegal C character in input file  0x00
*** Error 1 "C:\Program Files (x86)\PICC\Devices\16F877A.h" Line 530(3,4): Illegal C character in input file  0x07
*** Error 1 "C:\Program Files (x86)\PICC\Devices\16F877A.h" Line 530(3,4): Illegal C character in input file  0x00
*** Error 1 "C:\Program Files (x86)\PICC\Devices\16F877A.h" Line 530(3,4): Illegal C character in input file  0x00
*** Error 1 "C:\Program Files (x86)\PICC\Devices\16F877A.h" Line 530(3,4): Illegal C character in input file  0x00
*** Error 1 "C:\Program Files (x86)\PICC\Devices\16F877A.h" Line 530(3,4): Illegal C character in input file  0x00
*** Error 1 "C:\Program Files (x86)\PICC\Devices\16F877A.h" Line 530(3,4): Illegal C character in input file  0x00
*** Error 1 "C:\Program Files (x86)\PICC\Devices\16F877A.h" Line 530(3,4): Illegal C character in input file  0x00
*** Error 1 "C:\Program Files (x86)\PICC\Devices\16F877A.h" Line 530(3,4): Illegal C character in input file  0x00
*** Error 1 "C:\Program Files (x86)\PICC\Devices\16F877A.h" Line 530(3,4): Illegal C character in input file  0xDC
*** Error 1 "C:\Program Files (x86)\PICC\Devices\16F877A.h" Line 530(3,4): Illegal C character in input file  0xB7
*** Error 43 "C:\Program Files (x86)\PICC\Devices\16F877A.h" Line 530(3,4): Expecting a declaration
*** Error 1 "C:\Program Files (x86)\PICC\Devices\16F877A.h" Line 530(10,11): Illegal C character in input file  0xB4
*** Error 1 "C:\Program Files (x86)\PICC\Devices\16F877A.h" Line 530(10,11): Illegal C character in input file  0x8D
*** Error 48 "C:\Program Files (x86)\PICC\Devices\16F877A.h" Line 530(10,11): Expecting a (
*** Error 43 "C:\Program Files (x86)\PICC\Devices\16F877A.h" Line 530(14,15): Expecting a declaration
*** Error 1 "C:\Program Files (x86)\PICC\Devices\16F877A.h" Line 530(17,18): Illegal C character in input file  0xE6
*** Error 1 "C:\Program Files (x86)\PICC\Devices\16F877A.h" Line 530(17,18): Illegal C character in input file  0x40
*** Error 1 "C:\Program Files (x86)\PICC\Devices\16F877A.h" Line 530(17,18): Illegal C character in input file  0x00
*** Error 1 "C:\Program Files (x86)\PICC\Devices\16F877A.h" Line 530(17,18): Illegal C character in input file  0x00
*** Error 1 "C:\Program Files (x86)\PICC\Devices\16F877A.h" Line 530(17,18): Illegal C character in input file  0x00
*** Error 1 "C:\Program Files (x86)\PICC\Devices\16F877A.h" Line 530(17,18): Illegal C character in input file  0x00
*** Error 1 "C:\Program Files (x86)\PICC\Devices\16F877A.h" Line 530(17,18): Illegal C character in input file  0x00
*** Error 1 "C:\Program Files (x86)\PICC\Devices\16F877A.h" Line 530(17,18): Illegal C character in input file  0x00
*** Error 1 "C:\Program Files (x86)\PICC\Devices\16F877A.h" Line 530(17,18): Illegal C character in input file  0x00
*** Error 1 "C:\Program Files (x86)\PICC\Devices\16F877A.h" Line 530(17,18): Illegal C character in input file  0x00
*** Error 1 "C:\Program Files (x86)\PICC\Devices\16F877A.h" Line 530(17,18): Illegal C character in input file  0x00
*** Error 1 "C:\Program Files (x86)\PICC\Devices\16F877A.h" Line 530(17,18): Illegal C character in input file  0x00
*** Error 1 "C:\Program Files (x86)\PICC\Devices\16F877A.h" Line 530(17,18): Illegal C character in input file  0x00
*** Error 1 "C:\Program Files (x86)\PICC\Devices\16F877A.h" Line 530(17,18): Illegal C character in input file  0x00
*** Error 1 "C:\Program Files (x86)\PICC\Devices\16F877A.h" Line 530(17,18): Illegal C character in input file  0x00
*** Error 1 "C:\Program Files (x86)\PICC\Devices\16F877A.h" Line 530(17,18): Illegal C character in input file  0x00
*** Error 1 "C:\Program Files (x86)\PICC\Devices\16F877A.h" Line 530(17,18): Illegal C character in input file  0x00
*** Error 1 "C:\Program Files (x86)\PICC\Devices\16F877A.h" Line 530(17,18): Illegal C character in input file  0x00
*** Error 1 "C:\Program Files (x86)\PICC\Devices\16F877A.h" Line 530(17,18): Illegal C character in input file  0x00
*** Error 1 "C:\Program Files (x86)\PICC\Devices\16F877A.h" Line 530(17,18): Illegal C character in input file  0x00
*** Error 1 "C:\Program Files (x86)\PICC\Devices\16F877A.h" Line 530(17,18): Illegal C character in input file  0x00
*** Error 1 "C:\Program Files (x86)\PICC\Devices\16F877A.h" Line 530(17,18): Illegal C character in input file  0x00
*** Error 1 "C:\Program Files (x86)\PICC\Devices\16F877A.h" Line 530(17,18): Illegal C character in input file  0x00
*** Error 1 "C:\Program Files (x86)\PICC\Devices\16F877A.h" Line 530(17,18): Illegal C character in input file  0x00
*** Error 1 "C:\Program Files (x86)\PICC\Devices\16F877A.h" Line 530(17,18): Illegal C character in input file  0x00
*** Error 1 "C:\Program Files (x86)\PICC\Devices\16F877A.h" Line 530(17,18): Illegal C character in input file  0x00
*** Error 1 "C:\Program Files (x86)\PICC\Devices\16F877A.h" Line 530(17,18): Illegal C character in input file  0x00
*** Error 1 "C:\Program Files (x86)\PICC\Devices\16F877A.h" Line 530(17,18): Illegal C character in input file  0x00
*** Error 1 "C:\Program Files (x86)\PICC\Devices\16F877A.h" Line 530(17,18): Illegal C character in input file  0x00
*** Error 1 "C:\Program Files (x86)\PICC\Devices\16F877A.h" Line 530(17,18): Illegal C character in input file  0x00
*** Error 1 "C:\Program Files (x86)\PICC\Devices\16F877A.h" Line 530(17,18): Illegal C character in input file  0x00
*** Error 1 "C:\Program Files (x86)\PICC\Devices\16F877A.h" Line 530(17,18): Illegal C character in input file  0x00
*** Error 1 "C:\Program Files (x86)\PICC\Devices\16F877A.h" Line 530(17,18): Illegal C character in input file  0x00
*** Error 1 "C:\Program Files (x86)\PICC\Devices\16F877A.h" Line 530(17,18): Illegal C character in input file  0x00
*** Error 1 "C:\Program Files (x86)\PICC\Devices\16F877A.h" Line 530(17,18): Illegal C character in input file  0x00
*** Error 1 "C:\Program Files (x86)\PICC\Devices\16F877A.h" Line 530(17,18): Illegal C character in input file  0x00
*** Error 1 "C:\Program Files (x86)\PICC\Devices\16F877A.h" Line 530(17,18): Illegal C character in input file  0x00
*** Error 1 "C:\Program Files (x86)\PICC\Devices\16F877A.h" Line 530(17,18): Illegal C character in input file  0x00
*** Error 1 "C:\Program Files (x86)\PICC\Devices\16F877A.h" Line 530(17,18): Illegal C character in input file  0x00
*** Error 1 "C:\Program Files (x86)\PICC\Devices\16F877A.h" Line 530(17,18): Illegal C character in input file  0x00
*** Error 1 "C:\Program Files (x86)\PICC\Devices\16F877A.h" Line 530(17,18): Illegal C character in input file  0x00
*** Error 1 "C:\Program Files (x86)\PICC\Devices\16F877A.h" Line 530(17,18): Illegal C character in input file  0x00
*** Error 1 "C:\Program Files (x86)\PICC\Devices\16F877A.h" Line 530(17,18): Illegal C character in input file  0x00
*** Error 1 "C:\Program Files (x86)\PICC\Devices\16F877A.h" Line 530(17,18): Illegal C character in input file  0x00
*** Error 1 "C:\Program Files (x86)\PICC\Devices\16F877A.h" Line 530(17,18): Illegal C character in input file  0x00
*** Error 1 "C:\Program Files (x86)\PICC\Devices\16F877A.h" Line 530(17,18): Illegal C character in input file  0x00
*** Error 1 "C:\Program Files (x86)\PICC\Devices\16F877A.h" Line 530(17,18): Illegal C character in input file  0x00
*** Error 1 "C:\Program Files (x86)\PICC\Devices\16F877A.h" Line 530(17,18): Illegal C character in input file  0x00
*** Error 1 "C:\Program Files (x86)\PICC\Devices\16F877A.h" Line 530(17,18): Illegal C character in input file  0x00
*** Error 1 "C:\Program Files (x86)\PICC\Devices\16F877A.h" Line 530(17,18): Illegal C character in input file  0x00
*** Error 1 "C:\Program Files (x86)\PICC\Devices\16F877A.h" Line 530(17,18): Illegal C character in input file  0x00
*** Error 1 "C:\Program Files (x86)\PICC\Devices\16F877A.h" Line 530(17,18): Illegal C character in input file  0x00
*** Error 1 "C:\Program Files (x86)\PICC\Devices\16F877A.h" Line 530(17,18): Illegal C character in input file  0x00
*** Error 1 "C:\Program Files (x86)\PICC\Devices\16F877A.h" Line 530(17,18): Illegal C character in input file  0x00
*** Error 1 "C:\Program Files (x86)\PICC\Devices\16F877A.h" Line 530(17,18): Illegal C character in input file  0x00
*** Error 1 "C:\Program Files (x86)\PICC\Devices\16F877A.h" Line 530(17,18): Illegal C character in input file  0x00
*** Error 1 "C:\Program Files (x86)\PICC\Devices\16F877A.h" Line 530(17,18): Illegal C character in input file  0x00
