
ROM used:   545/8192 (7%)
            545/8192 (7%) including unused fragments

            0.5 Average locations per line
            5.2 Average locations per statement

RAM used:   19/368 (5%) at main() level
            33/368 (9%) worst case

Stack used: 5 worst case (4 in main + 1 for interrupts)
Stack size: 8

Lines Stmts  %   Files
----- ----- ---  -----
   42    15  14  main.c
    5     0   0  main.h
  694     0   0  ..\..\..\..\..\..\..\..\Program Files (x86)\PICC\Devices\16F877A.h
  456    90  86  ..\..\..\..\..\..\..\..\Program Files (x86)\PICC\Drivers\lcd.c
----- -----
 1197   105 Total

Page ROM  %  RAM    Vol Diff  Functions:
---- --- --- ---    --- ----  ----------
0     20   4    1             @delay_ms1
0     13   2    0     99  3.0  RTCC_isr
 Inline         3    596  5.9  lcd_read_byte
0      6   1    0     59  4.2  lcd_read_nibble
0     15   3    1    179  3.3  lcd_send_nibble
0     66  12    3    460  4.7  lcd_send_byte
0     62  11    6    814  7.2  lcd_init
0     18   3    4    208  6.3  lcd_gotoxy
0     44   8    1    354  4.7  lcd_putc
0     53  10    1    221  3.0  MAIN
0      4   1    0             @const711
0     21   4    3             @DIV88
0     89  16    5             @PSTRINGCN7_696
0     55  10    2             @PRINTF_U_696
 Inline         0             @cinit1

Program metrics:
    Functions               9
    Statements              105
    Comments                232
    Volume (V)              4629
    Difficulty (D)          41.4
    Effort to implement (E) 191552
    Time to implement (T)   2 hours, 57 minutes
    Est Delivered Bugs (B)  1
    Cyclomatic Complexity   9
    Maintainability (MI)    149

 Segment     Used  Free
-----------  ----  ----
00000-00003     4  0  
00004-0004E    75  0  
0004F-007FF   466  1503  
00800-00FFF     0  2048  
01000-017FF     0  2048  
01800-01FFF     0  2048  



